[0.076s] DEBUG:colcon:Command line arguments: ['/usr/bin/colcon', 'build']
[0.076s] DEBUG:colcon:Parsed command line arguments: Namespace(log_base=None, log_level=None, verb_name='build', build_base='build', install_base='install', merge_install=False, symlink_install=False, test_result_base=None, continue_on_error=False, executor='parallel', parallel_workers=8, event_handlers=None, ignore_user_meta=False, metas=['./colcon.meta'], base_paths=['.'], packages_ignore=None, packages_ignore_regex=None, paths=None, packages_up_to=None, packages_up_to_regex=None, packages_above=None, packages_above_and_dependencies=None, packages_above_depth=None, packages_select_by_dep=None, packages_skip_by_dep=None, packages_skip_up_to=None, packages_select_build_failed=False, packages_skip_build_finished=False, packages_select_test_failures=False, packages_skip_test_passed=False, packages_select=None, packages_skip=None, packages_select_regex=None, packages_skip_regex=None, packages_start=None, packages_end=None, allow_overriding=[], cmake_args=None, cmake_target=None, cmake_target_skip_unavailable=False, cmake_clean_cache=False, cmake_clean_first=False, cmake_force_configure=False, ament_cmake_args=None, catkin_cmake_args=None, catkin_skip_building_tests=False, mixin_files=None, mixin=None, verb_parser=<colcon_mixin.mixin.mixin_argument.MixinArgumentDecorator object at 0x70f522a45ed0>, verb_extension=<colcon_core.verb.build.BuildVerb object at 0x70f522b4b280>, main=<bound method BuildVerb.main of <colcon_core.verb.build.BuildVerb object at 0x70f522b4b280>>, mixin_verb=('build',))
[0.195s] Level 1:colcon.colcon_core.package_discovery:discover_packages(colcon_meta) check parameters
[0.195s] Level 1:colcon.colcon_core.package_discovery:discover_packages(recursive) check parameters
[0.195s] Level 1:colcon.colcon_core.package_discovery:discover_packages(ignore) check parameters
[0.195s] Level 1:colcon.colcon_core.package_discovery:discover_packages(path) check parameters
[0.195s] Level 1:colcon.colcon_core.package_discovery:discover_packages(colcon_meta) discover
[0.195s] Level 1:colcon.colcon_core.package_discovery:discover_packages(recursive) discover
[0.195s] INFO:colcon.colcon_core.package_discovery:Crawling recursively for packages in '/home/utec/try_opt'
[0.195s] Level 1:colcon.colcon_core.package_identification:_identify(.) by extensions ['ignore', 'ignore_ament_install']
[0.196s] Level 1:colcon.colcon_core.package_identification:_identify(.) by extension 'ignore'
[0.196s] Level 1:colcon.colcon_core.package_identification:_identify(.) by extension 'ignore_ament_install'
[0.196s] Level 1:colcon.colcon_core.package_identification:_identify(.) by extensions ['colcon_pkg']
[0.196s] Level 1:colcon.colcon_core.package_identification:_identify(.) by extension 'colcon_pkg'
[0.196s] Level 1:colcon.colcon_core.package_identification:_identify(.) by extensions ['colcon_meta']
[0.196s] Level 1:colcon.colcon_core.package_identification:_identify(.) by extension 'colcon_meta'
[0.196s] Level 1:colcon.colcon_core.package_identification:_identify(.) by extensions ['ros']
[0.196s] Level 1:colcon.colcon_core.package_identification:_identify(.) by extension 'ros'
[0.206s] Level 1:colcon.colcon_core.package_identification:_identify(.) by extensions ['cmake', 'python']
[0.206s] Level 1:colcon.colcon_core.package_identification:_identify(.) by extension 'cmake'
[0.206s] Level 1:colcon.colcon_core.package_identification:_identify(.) by extension 'python'
[0.206s] Level 1:colcon.colcon_core.package_identification:_identify(.) by extensions ['python_setup_py']
[0.206s] Level 1:colcon.colcon_core.package_identification:_identify(.) by extension 'python_setup_py'
[0.206s] Level 1:colcon.colcon_core.package_identification:_identify(build) by extensions ['ignore', 'ignore_ament_install']
[0.206s] Level 1:colcon.colcon_core.package_identification:_identify(build) by extension 'ignore'
[0.206s] Level 1:colcon.colcon_core.package_identification:_identify(build) ignored
[0.206s] Level 1:colcon.colcon_core.package_identification:_identify(config) by extensions ['ignore', 'ignore_ament_install']
[0.206s] Level 1:colcon.colcon_core.package_identification:_identify(config) by extension 'ignore'
[0.206s] Level 1:colcon.colcon_core.package_identification:_identify(config) by extension 'ignore_ament_install'
[0.206s] Level 1:colcon.colcon_core.package_identification:_identify(config) by extensions ['colcon_pkg']
[0.206s] Level 1:colcon.colcon_core.package_identification:_identify(config) by extension 'colcon_pkg'
[0.206s] Level 1:colcon.colcon_core.package_identification:_identify(config) by extensions ['colcon_meta']
[0.206s] Level 1:colcon.colcon_core.package_identification:_identify(config) by extension 'colcon_meta'
[0.206s] Level 1:colcon.colcon_core.package_identification:_identify(config) by extensions ['ros']
[0.206s] Level 1:colcon.colcon_core.package_identification:_identify(config) by extension 'ros'
[0.206s] Level 1:colcon.colcon_core.package_identification:_identify(config) by extensions ['cmake', 'python']
[0.206s] Level 1:colcon.colcon_core.package_identification:_identify(config) by extension 'cmake'
[0.206s] Level 1:colcon.colcon_core.package_identification:_identify(config) by extension 'python'
[0.206s] Level 1:colcon.colcon_core.package_identification:_identify(config) by extensions ['python_setup_py']
[0.206s] Level 1:colcon.colcon_core.package_identification:_identify(config) by extension 'python_setup_py'
[0.206s] Level 1:colcon.colcon_core.package_identification:_identify(install) by extensions ['ignore', 'ignore_ament_install']
[0.206s] Level 1:colcon.colcon_core.package_identification:_identify(install) by extension 'ignore'
[0.207s] Level 1:colcon.colcon_core.package_identification:_identify(install) ignored
[0.207s] Level 1:colcon.colcon_core.package_identification:_identify(log) by extensions ['ignore', 'ignore_ament_install']
[0.207s] Level 1:colcon.colcon_core.package_identification:_identify(log) by extension 'ignore'
[0.207s] Level 1:colcon.colcon_core.package_identification:_identify(log) ignored
[0.207s] Level 1:colcon.colcon_core.package_identification:_identify(src) by extensions ['ignore', 'ignore_ament_install']
[0.207s] Level 1:colcon.colcon_core.package_identification:_identify(src) by extension 'ignore'
[0.207s] Level 1:colcon.colcon_core.package_identification:_identify(src) by extension 'ignore_ament_install'
[0.207s] Level 1:colcon.colcon_core.package_identification:_identify(src) by extensions ['colcon_pkg']
[0.207s] Level 1:colcon.colcon_core.package_identification:_identify(src) by extension 'colcon_pkg'
[0.207s] Level 1:colcon.colcon_core.package_identification:_identify(src) by extensions ['colcon_meta']
[0.207s] Level 1:colcon.colcon_core.package_identification:_identify(src) by extension 'colcon_meta'
[0.207s] Level 1:colcon.colcon_core.package_identification:_identify(src) by extensions ['ros']
[0.207s] Level 1:colcon.colcon_core.package_identification:_identify(src) by extension 'ros'
[0.207s] Level 1:colcon.colcon_core.package_identification:_identify(src) by extensions ['cmake', 'python']
[0.207s] Level 1:colcon.colcon_core.package_identification:_identify(src) by extension 'cmake'
[0.207s] Level 1:colcon.colcon_core.package_identification:_identify(src) by extension 'python'
[0.207s] Level 1:colcon.colcon_core.package_identification:_identify(src) by extensions ['python_setup_py']
[0.207s] Level 1:colcon.colcon_core.package_identification:_identify(src) by extension 'python_setup_py'
[0.207s] Level 1:colcon.colcon_core.package_identification:_identify(src/ur5_scaled_sender) by extensions ['ignore', 'ignore_ament_install']
[0.207s] Level 1:colcon.colcon_core.package_identification:_identify(src/ur5_scaled_sender) by extension 'ignore'
[0.207s] Level 1:colcon.colcon_core.package_identification:_identify(src/ur5_scaled_sender) by extension 'ignore_ament_install'
[0.207s] Level 1:colcon.colcon_core.package_identification:_identify(src/ur5_scaled_sender) by extensions ['colcon_pkg']
[0.207s] Level 1:colcon.colcon_core.package_identification:_identify(src/ur5_scaled_sender) by extension 'colcon_pkg'
[0.207s] Level 1:colcon.colcon_core.package_identification:_identify(src/ur5_scaled_sender) by extensions ['colcon_meta']
[0.207s] Level 1:colcon.colcon_core.package_identification:_identify(src/ur5_scaled_sender) by extension 'colcon_meta'
[0.207s] Level 1:colcon.colcon_core.package_identification:_identify(src/ur5_scaled_sender) by extensions ['ros']
[0.207s] Level 1:colcon.colcon_core.package_identification:_identify(src/ur5_scaled_sender) by extension 'ros'
[0.209s] DEBUG:colcon.colcon_core.package_identification:Package 'src/ur5_scaled_sender' with type 'ros.ament_cmake' and name 'ur5_scaled_sender'
[0.209s] Level 1:colcon.colcon_core.package_discovery:discover_packages(recursive) using defaults
[0.209s] Level 1:colcon.colcon_core.package_discovery:discover_packages(ignore) discover
[0.210s] Level 1:colcon.colcon_core.package_discovery:discover_packages(ignore) using defaults
[0.210s] Level 1:colcon.colcon_core.package_discovery:discover_packages(path) discover
[0.210s] Level 1:colcon.colcon_core.package_discovery:discover_packages(path) using defaults
[0.236s] Level 1:colcon.colcon_core.package_discovery:discover_packages(prefix_path) check parameters
[0.236s] Level 1:colcon.colcon_core.package_discovery:discover_packages(prefix_path) discover
[0.237s] DEBUG:colcon.colcon_installed_package_information.package_discovery:Found 1 installed packages in /home/utec/try_opt/install
[0.238s] DEBUG:colcon.colcon_installed_package_information.package_discovery:Found 333 installed packages in /opt/ros/humble
[0.240s] Level 1:colcon.colcon_core.package_discovery:discover_packages(prefix_path) using defaults
[0.272s] Level 5:colcon.colcon_core.verb:set package 'ur5_scaled_sender' build argument 'cmake_args' from command line to 'None'
[0.272s] Level 5:colcon.colcon_core.verb:set package 'ur5_scaled_sender' build argument 'cmake_target' from command line to 'None'
[0.272s] Level 5:colcon.colcon_core.verb:set package 'ur5_scaled_sender' build argument 'cmake_target_skip_unavailable' from command line to 'False'
[0.272s] Level 5:colcon.colcon_core.verb:set package 'ur5_scaled_sender' build argument 'cmake_clean_cache' from command line to 'False'
[0.272s] Level 5:colcon.colcon_core.verb:set package 'ur5_scaled_sender' build argument 'cmake_clean_first' from command line to 'False'
[0.272s] Level 5:colcon.colcon_core.verb:set package 'ur5_scaled_sender' build argument 'cmake_force_configure' from command line to 'False'
[0.272s] Level 5:colcon.colcon_core.verb:set package 'ur5_scaled_sender' build argument 'ament_cmake_args' from command line to 'None'
[0.272s] Level 5:colcon.colcon_core.verb:set package 'ur5_scaled_sender' build argument 'catkin_cmake_args' from command line to 'None'
[0.272s] Level 5:colcon.colcon_core.verb:set package 'ur5_scaled_sender' build argument 'catkin_skip_building_tests' from command line to 'False'
[0.272s] DEBUG:colcon.colcon_core.verb:Building package 'ur5_scaled_sender' with the following arguments: {'ament_cmake_args': None, 'build_base': '/home/utec/try_opt/build/ur5_scaled_sender', 'catkin_cmake_args': None, 'catkin_skip_building_tests': False, 'cmake_args': None, 'cmake_clean_cache': False, 'cmake_clean_first': False, 'cmake_force_configure': False, 'cmake_target': None, 'cmake_target_skip_unavailable': False, 'install_base': '/home/utec/try_opt/install/ur5_scaled_sender', 'merge_install': False, 'path': '/home/utec/try_opt/src/ur5_scaled_sender', 'symlink_install': False, 'test_result_base': None}
[0.272s] INFO:colcon.colcon_core.executor:Executing jobs using 'parallel' executor
[0.273s] DEBUG:colcon.colcon_parallel_executor.executor.parallel:run_until_complete
[0.273s] INFO:colcon.colcon_ros.task.ament_cmake.build:Building ROS package in '/home/utec/try_opt/src/ur5_scaled_sender' with build type 'ament_cmake'
[0.273s] INFO:colcon.colcon_cmake.task.cmake.build:Building CMake package in '/home/utec/try_opt/src/ur5_scaled_sender'
[0.274s] INFO:colcon.colcon_core.plugin_system:Skipping extension 'colcon_core.shell.bat': Not used on non-Windows systems
[0.274s] INFO:colcon.colcon_core.shell:Skip shell extension 'powershell' for command environment: Not usable outside of PowerShell
[0.275s] DEBUG:colcon.colcon_core.shell:Skip shell extension 'dsv' for command environment
[0.282s] DEBUG:colcon.colcon_core.event_handler.log_command:Invoking command in '/home/utec/try_opt/build/ur5_scaled_sender': CMAKE_PREFIX_PATH=${CMAKE_PREFIX_PATH}:/opt/ros/humble /usr/bin/cmake --build /home/utec/try_opt/build/ur5_scaled_sender -- -j8 -l8
[13.682s] DEBUG:colcon.colcon_core.event_handler.log_command:Invoked command in '/home/utec/try_opt/build/ur5_scaled_sender' returned '0': CMAKE_PREFIX_PATH=${CMAKE_PREFIX_PATH}:/opt/ros/humble /usr/bin/cmake --build /home/utec/try_opt/build/ur5_scaled_sender -- -j8 -l8
[13.689s] DEBUG:colcon.colcon_core.event_handler.log_command:Invoking command in '/home/utec/try_opt/build/ur5_scaled_sender': CMAKE_PREFIX_PATH=${CMAKE_PREFIX_PATH}:/opt/ros/humble /usr/bin/cmake --install /home/utec/try_opt/build/ur5_scaled_sender
[13.701s] Level 1:colcon.colcon_core.environment:create_environment_scripts_only(ur5_scaled_sender)
[13.702s] DEBUG:colcon.colcon_core.event_handler.log_command:Invoked command in '/home/utec/try_opt/build/ur5_scaled_sender' returned '0': CMAKE_PREFIX_PATH=${CMAKE_PREFIX_PATH}:/opt/ros/humble /usr/bin/cmake --install /home/utec/try_opt/build/ur5_scaled_sender
[13.703s] Level 1:colcon.colcon_core.environment:checking '/home/utec/try_opt/install/ur5_scaled_sender' for CMake module files
[13.704s] Level 1:colcon.colcon_core.environment:checking '/home/utec/try_opt/install/ur5_scaled_sender' for CMake config files
[13.704s] Level 1:colcon.colcon_core.shell:create_environment_hook('ur5_scaled_sender', 'cmake_prefix_path')
[13.704s] INFO:colcon.colcon_core.shell:Creating environment hook '/home/utec/try_opt/install/ur5_scaled_sender/share/ur5_scaled_sender/hook/cmake_prefix_path.ps1'
[13.705s] INFO:colcon.colcon_core.shell:Creating environment descriptor '/home/utec/try_opt/install/ur5_scaled_sender/share/ur5_scaled_sender/hook/cmake_prefix_path.dsv'
[13.705s] INFO:colcon.colcon_core.shell:Creating environment hook '/home/utec/try_opt/install/ur5_scaled_sender/share/ur5_scaled_sender/hook/cmake_prefix_path.sh'
[13.705s] Level 1:colcon.colcon_core.environment:checking '/home/utec/try_opt/install/ur5_scaled_sender/lib'
[13.706s] Level 1:colcon.colcon_core.environment:checking '/home/utec/try_opt/install/ur5_scaled_sender/bin'
[13.706s] Level 1:colcon.colcon_core.environment:checking '/home/utec/try_opt/install/ur5_scaled_sender/lib/pkgconfig/ur5_scaled_sender.pc'
[13.706s] Level 1:colcon.colcon_core.environment:checking '/home/utec/try_opt/install/ur5_scaled_sender/lib/python3.10/site-packages'
[13.706s] Level 1:colcon.colcon_core.environment:checking '/home/utec/try_opt/install/ur5_scaled_sender/bin'
[13.706s] INFO:colcon.colcon_core.shell:Creating package script '/home/utec/try_opt/install/ur5_scaled_sender/share/ur5_scaled_sender/package.ps1'
[13.707s] INFO:colcon.colcon_core.shell:Creating package descriptor '/home/utec/try_opt/install/ur5_scaled_sender/share/ur5_scaled_sender/package.dsv'
[13.707s] INFO:colcon.colcon_core.shell:Creating package script '/home/utec/try_opt/install/ur5_scaled_sender/share/ur5_scaled_sender/package.sh'
[13.708s] INFO:colcon.colcon_core.shell:Creating package script '/home/utec/try_opt/install/ur5_scaled_sender/share/ur5_scaled_sender/package.bash'
[13.708s] INFO:colcon.colcon_core.shell:Creating package script '/home/utec/try_opt/install/ur5_scaled_sender/share/ur5_scaled_sender/package.zsh'
[13.708s] Level 1:colcon.colcon_core.environment:create_file_with_runtime_dependencies(/home/utec/try_opt/install/ur5_scaled_sender/share/colcon-core/packages/ur5_scaled_sender)
[13.709s] Level 1:colcon.colcon_core.environment:create_environment_scripts_only(ur5_scaled_sender)
[13.710s] Level 1:colcon.colcon_core.environment:checking '/home/utec/try_opt/install/ur5_scaled_sender' for CMake module files
[13.710s] Level 1:colcon.colcon_core.environment:checking '/home/utec/try_opt/install/ur5_scaled_sender' for CMake config files
[13.710s] Level 1:colcon.colcon_core.shell:create_environment_hook('ur5_scaled_sender', 'cmake_prefix_path')
[13.710s] INFO:colcon.colcon_core.shell:Creating environment hook '/home/utec/try_opt/install/ur5_scaled_sender/share/ur5_scaled_sender/hook/cmake_prefix_path.ps1'
[13.711s] INFO:colcon.colcon_core.shell:Creating environment descriptor '/home/utec/try_opt/install/ur5_scaled_sender/share/ur5_scaled_sender/hook/cmake_prefix_path.dsv'
[13.711s] INFO:colcon.colcon_core.shell:Creating environment hook '/home/utec/try_opt/install/ur5_scaled_sender/share/ur5_scaled_sender/hook/cmake_prefix_path.sh'
[13.712s] Level 1:colcon.colcon_core.environment:checking '/home/utec/try_opt/install/ur5_scaled_sender/lib'
[13.712s] Level 1:colcon.colcon_core.environment:checking '/home/utec/try_opt/install/ur5_scaled_sender/bin'
[13.712s] Level 1:colcon.colcon_core.environment:checking '/home/utec/try_opt/install/ur5_scaled_sender/lib/pkgconfig/ur5_scaled_sender.pc'
[13.712s] Level 1:colcon.colcon_core.environment:checking '/home/utec/try_opt/install/ur5_scaled_sender/lib/python3.10/site-packages'
[13.713s] Level 1:colcon.colcon_core.environment:checking '/home/utec/try_opt/install/ur5_scaled_sender/bin'
[13.713s] INFO:colcon.colcon_core.shell:Creating package script '/home/utec/try_opt/install/ur5_scaled_sender/share/ur5_scaled_sender/package.ps1'
[13.713s] INFO:colcon.colcon_core.shell:Creating package descriptor '/home/utec/try_opt/install/ur5_scaled_sender/share/ur5_scaled_sender/package.dsv'
[13.714s] INFO:colcon.colcon_core.shell:Creating package script '/home/utec/try_opt/install/ur5_scaled_sender/share/ur5_scaled_sender/package.sh'
[13.714s] INFO:colcon.colcon_core.shell:Creating package script '/home/utec/try_opt/install/ur5_scaled_sender/share/ur5_scaled_sender/package.bash'
[13.714s] INFO:colcon.colcon_core.shell:Creating package script '/home/utec/try_opt/install/ur5_scaled_sender/share/ur5_scaled_sender/package.zsh'
[13.715s] Level 1:colcon.colcon_core.environment:create_file_with_runtime_dependencies(/home/utec/try_opt/install/ur5_scaled_sender/share/colcon-core/packages/ur5_scaled_sender)
[13.715s] DEBUG:colcon.colcon_parallel_executor.executor.parallel:closing loop
[13.715s] DEBUG:colcon.colcon_parallel_executor.executor.parallel:loop closed
[13.715s] DEBUG:colcon.colcon_parallel_executor.executor.parallel:run_until_complete finished with '0'
[13.715s] DEBUG:colcon.colcon_core.event_reactor:joining thread
[13.719s] INFO:colcon.colcon_core.plugin_system:Skipping extension 'colcon_notification.desktop_notification.terminal_notifier': Not used on non-Darwin systems
[13.719s] INFO:colcon.colcon_core.plugin_system:Skipping extension 'colcon_notification.desktop_notification.win32': Not used on non-Windows systems
[13.719s] INFO:colcon.colcon_notification.desktop_notification:Sending desktop notification using 'notify2'
[13.728s] DEBUG:colcon.colcon_core.event_reactor:joined thread
[13.729s] INFO:colcon.colcon_core.shell:Creating prefix script '/home/utec/try_opt/install/local_setup.ps1'
[13.731s] INFO:colcon.colcon_core.shell:Creating prefix util module '/home/utec/try_opt/install/_local_setup_util_ps1.py'
[13.732s] INFO:colcon.colcon_core.shell:Creating prefix chain script '/home/utec/try_opt/install/setup.ps1'
[13.733s] INFO:colcon.colcon_core.shell:Creating prefix script '/home/utec/try_opt/install/local_setup.sh'
[13.734s] INFO:colcon.colcon_core.shell:Creating prefix util module '/home/utec/try_opt/install/_local_setup_util_sh.py'
[13.734s] INFO:colcon.colcon_core.shell:Creating prefix chain script '/home/utec/try_opt/install/setup.sh'
[13.735s] INFO:colcon.colcon_core.shell:Creating prefix script '/home/utec/try_opt/install/local_setup.bash'
[13.735s] INFO:colcon.colcon_core.shell:Creating prefix chain script '/home/utec/try_opt/install/setup.bash'
[13.736s] INFO:colcon.colcon_core.shell:Creating prefix script '/home/utec/try_opt/install/local_setup.zsh'
[13.736s] INFO:colcon.colcon_core.shell:Creating prefix chain script '/home/utec/try_opt/install/setup.zsh'
