[0.092s] DEBUG:colcon:Command line arguments: ['/usr/bin/colcon', 'build', '--packages-select', 'ur5_scaled_sender']
[0.092s] DEBUG:colcon:Parsed command line arguments: Namespace(log_base=None, log_level=None, verb_name='build', build_base='build', install_base='install', merge_install=False, symlink_install=False, test_result_base=None, continue_on_error=False, executor='parallel', parallel_workers=8, event_handlers=None, ignore_user_meta=False, metas=['./colcon.meta'], base_paths=['.'], packages_ignore=None, packages_ignore_regex=None, paths=None, packages_up_to=None, packages_up_to_regex=None, packages_above=None, packages_above_and_dependencies=None, packages_above_depth=None, packages_select_by_dep=None, packages_skip_by_dep=None, packages_skip_up_to=None, packages_select_build_failed=False, packages_skip_build_finished=False, packages_select_test_failures=False, packages_skip_test_passed=False, packages_select=['ur5_scaled_sender'], packages_skip=None, packages_select_regex=None, packages_skip_regex=None, packages_start=None, packages_end=None, allow_overriding=[], cmake_args=None, cmake_target=None, cmake_target_skip_unavailable=False, cmake_clean_cache=False, cmake_clean_first=False, cmake_force_configure=False, ament_cmake_args=None, catkin_cmake_args=None, catkin_skip_building_tests=False, mixin_files=None, mixin=None, verb_parser=<colcon_mixin.mixin.mixin_argument.MixinArgumentDecorator object at 0x75361f94e110>, verb_extension=<colcon_core.verb.build.BuildVerb object at 0x75361fa534c0>, main=<bound method BuildVerb.main of <colcon_core.verb.build.BuildVerb object at 0x75361fa534c0>>, mixin_verb=('build',))
[0.221s] Level 1:colcon.colcon_core.package_discovery:discover_packages(colcon_meta) check parameters
[0.221s] Level 1:colcon.colcon_core.package_discovery:discover_packages(recursive) check parameters
[0.221s] Level 1:colcon.colcon_core.package_discovery:discover_packages(ignore) check parameters
[0.221s] Level 1:colcon.colcon_core.package_discovery:discover_packages(path) check parameters
[0.221s] Level 1:colcon.colcon_core.package_discovery:discover_packages(colcon_meta) discover
[0.221s] Level 1:colcon.colcon_core.package_discovery:discover_packages(recursive) discover
[0.221s] INFO:colcon.colcon_core.package_discovery:Crawling recursively for packages in '/home/utec/try_opt'
[0.221s] Level 1:colcon.colcon_core.package_identification:_identify(.) by extensions ['ignore', 'ignore_ament_install']
[0.221s] Level 1:colcon.colcon_core.package_identification:_identify(.) by extension 'ignore'
[0.221s] Level 1:colcon.colcon_core.package_identification:_identify(.) by extension 'ignore_ament_install'
[0.221s] Level 1:colcon.colcon_core.package_identification:_identify(.) by extensions ['colcon_pkg']
[0.221s] Level 1:colcon.colcon_core.package_identification:_identify(.) by extension 'colcon_pkg'
[0.222s] Level 1:colcon.colcon_core.package_identification:_identify(.) by extensions ['colcon_meta']
[0.222s] Level 1:colcon.colcon_core.package_identification:_identify(.) by extension 'colcon_meta'
[0.222s] Level 1:colcon.colcon_core.package_identification:_identify(.) by extensions ['ros']
[0.222s] Level 1:colcon.colcon_core.package_identification:_identify(.) by extension 'ros'
[0.229s] Level 1:colcon.colcon_core.package_identification:_identify(.) by extensions ['cmake', 'python']
[0.229s] Level 1:colcon.colcon_core.package_identification:_identify(.) by extension 'cmake'
[0.229s] Level 1:colcon.colcon_core.package_identification:_identify(.) by extension 'python'
[0.229s] Level 1:colcon.colcon_core.package_identification:_identify(.) by extensions ['python_setup_py']
[0.229s] Level 1:colcon.colcon_core.package_identification:_identify(.) by extension 'python_setup_py'
[0.229s] Level 1:colcon.colcon_core.package_identification:_identify(build) by extensions ['ignore', 'ignore_ament_install']
[0.229s] Level 1:colcon.colcon_core.package_identification:_identify(build) by extension 'ignore'
[0.229s] Level 1:colcon.colcon_core.package_identification:_identify(build) ignored
[0.230s] Level 1:colcon.colcon_core.package_identification:_identify(config) by extensions ['ignore', 'ignore_ament_install']
[0.230s] Level 1:colcon.colcon_core.package_identification:_identify(config) by extension 'ignore'
[0.230s] Level 1:colcon.colcon_core.package_identification:_identify(config) by extension 'ignore_ament_install'
[0.230s] Level 1:colcon.colcon_core.package_identification:_identify(config) by extensions ['colcon_pkg']
[0.230s] Level 1:colcon.colcon_core.package_identification:_identify(config) by extension 'colcon_pkg'
[0.230s] Level 1:colcon.colcon_core.package_identification:_identify(config) by extensions ['colcon_meta']
[0.230s] Level 1:colcon.colcon_core.package_identification:_identify(config) by extension 'colcon_meta'
[0.230s] Level 1:colcon.colcon_core.package_identification:_identify(config) by extensions ['ros']
[0.230s] Level 1:colcon.colcon_core.package_identification:_identify(config) by extension 'ros'
[0.230s] Level 1:colcon.colcon_core.package_identification:_identify(config) by extensions ['cmake', 'python']
[0.230s] Level 1:colcon.colcon_core.package_identification:_identify(config) by extension 'cmake'
[0.230s] Level 1:colcon.colcon_core.package_identification:_identify(config) by extension 'python'
[0.230s] Level 1:colcon.colcon_core.package_identification:_identify(config) by extensions ['python_setup_py']
[0.230s] Level 1:colcon.colcon_core.package_identification:_identify(config) by extension 'python_setup_py'
[0.230s] Level 1:colcon.colcon_core.package_identification:_identify(install) by extensions ['ignore', 'ignore_ament_install']
[0.230s] Level 1:colcon.colcon_core.package_identification:_identify(install) by extension 'ignore'
[0.230s] Level 1:colcon.colcon_core.package_identification:_identify(install) ignored
[0.230s] Level 1:colcon.colcon_core.package_identification:_identify(log) by extensions ['ignore', 'ignore_ament_install']
[0.230s] Level 1:colcon.colcon_core.package_identification:_identify(log) by extension 'ignore'
[0.231s] Level 1:colcon.colcon_core.package_identification:_identify(log) ignored
[0.231s] Level 1:colcon.colcon_core.package_identification:_identify(src) by extensions ['ignore', 'ignore_ament_install']
[0.231s] Level 1:colcon.colcon_core.package_identification:_identify(src) by extension 'ignore'
[0.231s] Level 1:colcon.colcon_core.package_identification:_identify(src) by extension 'ignore_ament_install'
[0.231s] Level 1:colcon.colcon_core.package_identification:_identify(src) by extensions ['colcon_pkg']
[0.231s] Level 1:colcon.colcon_core.package_identification:_identify(src) by extension 'colcon_pkg'
[0.231s] Level 1:colcon.colcon_core.package_identification:_identify(src) by extensions ['colcon_meta']
[0.231s] Level 1:colcon.colcon_core.package_identification:_identify(src) by extension 'colcon_meta'
[0.231s] Level 1:colcon.colcon_core.package_identification:_identify(src) by extensions ['ros']
[0.231s] Level 1:colcon.colcon_core.package_identification:_identify(src) by extension 'ros'
[0.231s] Level 1:colcon.colcon_core.package_identification:_identify(src) by extensions ['cmake', 'python']
[0.231s] Level 1:colcon.colcon_core.package_identification:_identify(src) by extension 'cmake'
[0.231s] Level 1:colcon.colcon_core.package_identification:_identify(src) by extension 'python'
[0.231s] Level 1:colcon.colcon_core.package_identification:_identify(src) by extensions ['python_setup_py']
[0.231s] Level 1:colcon.colcon_core.package_identification:_identify(src) by extension 'python_setup_py'
[0.231s] Level 1:colcon.colcon_core.package_identification:_identify(src/ur5_scaled_sender) by extensions ['ignore', 'ignore_ament_install']
[0.231s] Level 1:colcon.colcon_core.package_identification:_identify(src/ur5_scaled_sender) by extension 'ignore'
[0.231s] Level 1:colcon.colcon_core.package_identification:_identify(src/ur5_scaled_sender) by extension 'ignore_ament_install'
[0.231s] Level 1:colcon.colcon_core.package_identification:_identify(src/ur5_scaled_sender) by extensions ['colcon_pkg']
[0.231s] Level 1:colcon.colcon_core.package_identification:_identify(src/ur5_scaled_sender) by extension 'colcon_pkg'
[0.231s] Level 1:colcon.colcon_core.package_identification:_identify(src/ur5_scaled_sender) by extensions ['colcon_meta']
[0.231s] Level 1:colcon.colcon_core.package_identification:_identify(src/ur5_scaled_sender) by extension 'colcon_meta'
[0.231s] Level 1:colcon.colcon_core.package_identification:_identify(src/ur5_scaled_sender) by extensions ['ros']
[0.231s] Level 1:colcon.colcon_core.package_identification:_identify(src/ur5_scaled_sender) by extension 'ros'
[0.233s] DEBUG:colcon.colcon_core.package_identification:Package 'src/ur5_scaled_sender' with type 'ros.ament_cmake' and name 'ur5_scaled_sender'
[0.234s] Level 1:colcon.colcon_core.package_identification:_identify(urdf) by extensions ['ignore', 'ignore_ament_install']
[0.234s] Level 1:colcon.colcon_core.package_identification:_identify(urdf) by extension 'ignore'
[0.234s] Level 1:colcon.colcon_core.package_identification:_identify(urdf) by extension 'ignore_ament_install'
[0.234s] Level 1:colcon.colcon_core.package_identification:_identify(urdf) by extensions ['colcon_pkg']
[0.234s] Level 1:colcon.colcon_core.package_identification:_identify(urdf) by extension 'colcon_pkg'
[0.234s] Level 1:colcon.colcon_core.package_identification:_identify(urdf) by extensions ['colcon_meta']
[0.234s] Level 1:colcon.colcon_core.package_identification:_identify(urdf) by extension 'colcon_meta'
[0.234s] Level 1:colcon.colcon_core.package_identification:_identify(urdf) by extensions ['ros']
[0.234s] Level 1:colcon.colcon_core.package_identification:_identify(urdf) by extension 'ros'
[0.234s] Level 1:colcon.colcon_core.package_identification:_identify(urdf) by extensions ['cmake', 'python']
[0.234s] Level 1:colcon.colcon_core.package_identification:_identify(urdf) by extension 'cmake'
[0.234s] Level 1:colcon.colcon_core.package_identification:_identify(urdf) by extension 'python'
[0.235s] Level 1:colcon.colcon_core.package_identification:_identify(urdf) by extensions ['python_setup_py']
[0.235s] Level 1:colcon.colcon_core.package_identification:_identify(urdf) by extension 'python_setup_py'
[0.235s] Level 1:colcon.colcon_core.package_discovery:discover_packages(recursive) using defaults
[0.235s] Level 1:colcon.colcon_core.package_discovery:discover_packages(ignore) discover
[0.235s] Level 1:colcon.colcon_core.package_discovery:discover_packages(ignore) using defaults
[0.235s] Level 1:colcon.colcon_core.package_discovery:discover_packages(path) discover
[0.235s] Level 1:colcon.colcon_core.package_discovery:discover_packages(path) using defaults
[0.264s] Level 1:colcon.colcon_core.package_discovery:discover_packages(prefix_path) check parameters
[0.264s] Level 1:colcon.colcon_core.package_discovery:discover_packages(prefix_path) discover
[0.266s] DEBUG:colcon.colcon_installed_package_information.package_discovery:Found 333 installed packages in /opt/ros/humble
[0.267s] Level 1:colcon.colcon_core.package_discovery:discover_packages(prefix_path) using defaults
[0.298s] Level 5:colcon.colcon_core.verb:set package 'ur5_scaled_sender' build argument 'cmake_args' from command line to 'None'
[0.298s] Level 5:colcon.colcon_core.verb:set package 'ur5_scaled_sender' build argument 'cmake_target' from command line to 'None'
[0.298s] Level 5:colcon.colcon_core.verb:set package 'ur5_scaled_sender' build argument 'cmake_target_skip_unavailable' from command line to 'False'
[0.298s] Level 5:colcon.colcon_core.verb:set package 'ur5_scaled_sender' build argument 'cmake_clean_cache' from command line to 'False'
[0.298s] Level 5:colcon.colcon_core.verb:set package 'ur5_scaled_sender' build argument 'cmake_clean_first' from command line to 'False'
[0.298s] Level 5:colcon.colcon_core.verb:set package 'ur5_scaled_sender' build argument 'cmake_force_configure' from command line to 'False'
[0.298s] Level 5:colcon.colcon_core.verb:set package 'ur5_scaled_sender' build argument 'ament_cmake_args' from command line to 'None'
[0.298s] Level 5:colcon.colcon_core.verb:set package 'ur5_scaled_sender' build argument 'catkin_cmake_args' from command line to 'None'
[0.298s] Level 5:colcon.colcon_core.verb:set package 'ur5_scaled_sender' build argument 'catkin_skip_building_tests' from command line to 'False'
[0.298s] DEBUG:colcon.colcon_core.verb:Building package 'ur5_scaled_sender' with the following arguments: {'ament_cmake_args': None, 'build_base': '/home/utec/try_opt/build/ur5_scaled_sender', 'catkin_cmake_args': None, 'catkin_skip_building_tests': False, 'cmake_args': None, 'cmake_clean_cache': False, 'cmake_clean_first': False, 'cmake_force_configure': False, 'cmake_target': None, 'cmake_target_skip_unavailable': False, 'install_base': '/home/utec/try_opt/install/ur5_scaled_sender', 'merge_install': False, 'path': '/home/utec/try_opt/src/ur5_scaled_sender', 'symlink_install': False, 'test_result_base': None}
[0.298s] INFO:colcon.colcon_core.executor:Executing jobs using 'parallel' executor
[0.299s] DEBUG:colcon.colcon_parallel_executor.executor.parallel:run_until_complete
[0.299s] INFO:colcon.colcon_ros.task.ament_cmake.build:Building ROS package in '/home/utec/try_opt/src/ur5_scaled_sender' with build type 'ament_cmake'
[0.299s] INFO:colcon.colcon_cmake.task.cmake.build:Building CMake package in '/home/utec/try_opt/src/ur5_scaled_sender'
[0.301s] INFO:colcon.colcon_core.plugin_system:Skipping extension 'colcon_core.shell.bat': Not used on non-Windows systems
[0.301s] INFO:colcon.colcon_core.shell:Skip shell extension 'powershell' for command environment: Not usable outside of PowerShell
[0.301s] DEBUG:colcon.colcon_core.shell:Skip shell extension 'dsv' for command environment
[0.310s] DEBUG:colcon.colcon_core.event_handler.log_command:Invoking command in '/home/utec/try_opt/build/ur5_scaled_sender': CMAKE_PREFIX_PATH=/opt/ros/humble /usr/bin/cmake --build /home/utec/try_opt/build/ur5_scaled_sender -- -j8 -l8
[47.659s] DEBUG:colcon.colcon_core.event_handler.log_command:Invoked command in '/home/utec/try_opt/build/ur5_scaled_sender' returned '0': CMAKE_PREFIX_PATH=/opt/ros/humble /usr/bin/cmake --build /home/utec/try_opt/build/ur5_scaled_sender -- -j8 -l8
[47.666s] DEBUG:colcon.colcon_core.event_handler.log_command:Invoking command in '/home/utec/try_opt/build/ur5_scaled_sender': CMAKE_PREFIX_PATH=/opt/ros/humble /usr/bin/cmake --install /home/utec/try_opt/build/ur5_scaled_sender
[47.690s] Level 1:colcon.colcon_core.environment:create_environment_scripts_only(ur5_scaled_sender)
[47.690s] DEBUG:colcon.colcon_core.event_handler.log_command:Invoked command in '/home/utec/try_opt/build/ur5_scaled_sender' returned '0': CMAKE_PREFIX_PATH=/opt/ros/humble /usr/bin/cmake --install /home/utec/try_opt/build/ur5_scaled_sender
[47.692s] Level 1:colcon.colcon_core.environment:checking '/home/utec/try_opt/install/ur5_scaled_sender' for CMake module files
[47.692s] Level 1:colcon.colcon_core.environment:checking '/home/utec/try_opt/install/ur5_scaled_sender' for CMake config files
[47.692s] Level 1:colcon.colcon_core.shell:create_environment_hook('ur5_scaled_sender', 'cmake_prefix_path')
[47.693s] INFO:colcon.colcon_core.shell:Creating environment hook '/home/utec/try_opt/install/ur5_scaled_sender/share/ur5_scaled_sender/hook/cmake_prefix_path.ps1'
[47.693s] INFO:colcon.colcon_core.shell:Creating environment descriptor '/home/utec/try_opt/install/ur5_scaled_sender/share/ur5_scaled_sender/hook/cmake_prefix_path.dsv'
[47.694s] INFO:colcon.colcon_core.shell:Creating environment hook '/home/utec/try_opt/install/ur5_scaled_sender/share/ur5_scaled_sender/hook/cmake_prefix_path.sh'
[47.695s] Level 1:colcon.colcon_core.environment:checking '/home/utec/try_opt/install/ur5_scaled_sender/lib'
[47.695s] Level 1:colcon.colcon_core.environment:checking '/home/utec/try_opt/install/ur5_scaled_sender/bin'
[47.695s] Level 1:colcon.colcon_core.environment:checking '/home/utec/try_opt/install/ur5_scaled_sender/lib/pkgconfig/ur5_scaled_sender.pc'
[47.695s] Level 1:colcon.colcon_core.environment:checking '/home/utec/try_opt/install/ur5_scaled_sender/lib/python3.10/site-packages'
[47.695s] Level 1:colcon.colcon_core.environment:checking '/home/utec/try_opt/install/ur5_scaled_sender/bin'
[47.695s] INFO:colcon.colcon_core.shell:Creating package script '/home/utec/try_opt/install/ur5_scaled_sender/share/ur5_scaled_sender/package.ps1'
[47.696s] INFO:colcon.colcon_core.shell:Creating package descriptor '/home/utec/try_opt/install/ur5_scaled_sender/share/ur5_scaled_sender/package.dsv'
[47.697s] INFO:colcon.colcon_core.shell:Creating package script '/home/utec/try_opt/install/ur5_scaled_sender/share/ur5_scaled_sender/package.sh'
[47.697s] INFO:colcon.colcon_core.shell:Creating package script '/home/utec/try_opt/install/ur5_scaled_sender/share/ur5_scaled_sender/package.bash'
[47.698s] INFO:colcon.colcon_core.shell:Creating package script '/home/utec/try_opt/install/ur5_scaled_sender/share/ur5_scaled_sender/package.zsh'
[47.698s] Level 1:colcon.colcon_core.environment:create_file_with_runtime_dependencies(/home/utec/try_opt/install/ur5_scaled_sender/share/colcon-core/packages/ur5_scaled_sender)
[47.699s] Level 1:colcon.colcon_core.environment:create_environment_scripts_only(ur5_scaled_sender)
[47.699s] Level 1:colcon.colcon_core.environment:checking '/home/utec/try_opt/install/ur5_scaled_sender' for CMake module files
[47.699s] Level 1:colcon.colcon_core.environment:checking '/home/utec/try_opt/install/ur5_scaled_sender' for CMake config files
[47.699s] Level 1:colcon.colcon_core.shell:create_environment_hook('ur5_scaled_sender', 'cmake_prefix_path')
[47.700s] INFO:colcon.colcon_core.shell:Creating environment hook '/home/utec/try_opt/install/ur5_scaled_sender/share/ur5_scaled_sender/hook/cmake_prefix_path.ps1'
[47.700s] INFO:colcon.colcon_core.shell:Creating environment descriptor '/home/utec/try_opt/install/ur5_scaled_sender/share/ur5_scaled_sender/hook/cmake_prefix_path.dsv'
[47.700s] INFO:colcon.colcon_core.shell:Creating environment hook '/home/utec/try_opt/install/ur5_scaled_sender/share/ur5_scaled_sender/hook/cmake_prefix_path.sh'
[47.701s] Level 1:colcon.colcon_core.environment:checking '/home/utec/try_opt/install/ur5_scaled_sender/lib'
[47.701s] Level 1:colcon.colcon_core.environment:checking '/home/utec/try_opt/install/ur5_scaled_sender/bin'
[47.701s] Level 1:colcon.colcon_core.environment:checking '/home/utec/try_opt/install/ur5_scaled_sender/lib/pkgconfig/ur5_scaled_sender.pc'
[47.701s] Level 1:colcon.colcon_core.environment:checking '/home/utec/try_opt/install/ur5_scaled_sender/lib/python3.10/site-packages'
[47.701s] Level 1:colcon.colcon_core.environment:checking '/home/utec/try_opt/install/ur5_scaled_sender/bin'
[47.701s] INFO:colcon.colcon_core.shell:Creating package script '/home/utec/try_opt/install/ur5_scaled_sender/share/ur5_scaled_sender/package.ps1'
[47.702s] INFO:colcon.colcon_core.shell:Creating package descriptor '/home/utec/try_opt/install/ur5_scaled_sender/share/ur5_scaled_sender/package.dsv'
[47.702s] INFO:colcon.colcon_core.shell:Creating package script '/home/utec/try_opt/install/ur5_scaled_sender/share/ur5_scaled_sender/package.sh'
[47.702s] INFO:colcon.colcon_core.shell:Creating package script '/home/utec/try_opt/install/ur5_scaled_sender/share/ur5_scaled_sender/package.bash'
[47.703s] INFO:colcon.colcon_core.shell:Creating package script '/home/utec/try_opt/install/ur5_scaled_sender/share/ur5_scaled_sender/package.zsh'
[47.703s] Level 1:colcon.colcon_core.environment:create_file_with_runtime_dependencies(/home/utec/try_opt/install/ur5_scaled_sender/share/colcon-core/packages/ur5_scaled_sender)
[47.703s] DEBUG:colcon.colcon_parallel_executor.executor.parallel:closing loop
[47.704s] DEBUG:colcon.colcon_parallel_executor.executor.parallel:loop closed
[47.704s] DEBUG:colcon.colcon_parallel_executor.executor.parallel:run_until_complete finished with '0'
[47.704s] DEBUG:colcon.colcon_core.event_reactor:joining thread
[47.709s] INFO:colcon.colcon_core.plugin_system:Skipping extension 'colcon_notification.desktop_notification.terminal_notifier': Not used on non-Darwin systems
[47.709s] INFO:colcon.colcon_core.plugin_system:Skipping extension 'colcon_notification.desktop_notification.win32': Not used on non-Windows systems
[47.709s] INFO:colcon.colcon_notification.desktop_notification:Sending desktop notification using 'notify2'
[47.720s] DEBUG:colcon.colcon_core.event_reactor:joined thread
[47.721s] INFO:colcon.colcon_core.shell:Creating prefix script '/home/utec/try_opt/install/local_setup.ps1'
[47.723s] INFO:colcon.colcon_core.shell:Creating prefix util module '/home/utec/try_opt/install/_local_setup_util_ps1.py'
[47.724s] INFO:colcon.colcon_core.shell:Creating prefix chain script '/home/utec/try_opt/install/setup.ps1'
[47.726s] INFO:colcon.colcon_core.shell:Creating prefix script '/home/utec/try_opt/install/local_setup.sh'
[47.726s] INFO:colcon.colcon_core.shell:Creating prefix util module '/home/utec/try_opt/install/_local_setup_util_sh.py'
[47.727s] INFO:colcon.colcon_core.shell:Creating prefix chain script '/home/utec/try_opt/install/setup.sh'
[47.727s] INFO:colcon.colcon_core.shell:Creating prefix script '/home/utec/try_opt/install/local_setup.bash'
[47.728s] INFO:colcon.colcon_core.shell:Creating prefix chain script '/home/utec/try_opt/install/setup.bash'
[47.729s] INFO:colcon.colcon_core.shell:Creating prefix script '/home/utec/try_opt/install/local_setup.zsh'
[47.729s] INFO:colcon.colcon_core.shell:Creating prefix chain script '/home/utec/try_opt/install/setup.zsh'
