[0.009s] Invoking command in '/home/utec/try_opt/build/ur5_scaled_sender': CMAKE_PREFIX_PATH=${CMAKE_PREFIX_PATH}:/opt/ros/humble /usr/bin/cmake --build /home/utec/try_opt/build/ur5_scaled_sender -- -j8 -l8
[0.056s] [ 75%] [32mBuilding CXX object CMakeFiles/opt_teleop.dir/src/opt_teleop.cpp.o[0m
[0.056s] [ 75%] Built target scaled_traj_publisher
[12.784s] [100%] [32m[1mLinking CXX executable opt_teleop[0m
[13.398s] [100%] Built target opt_teleop
[13.409s] Invoked command in '/home/utec/try_opt/build/ur5_scaled_sender' returned '0': CMAKE_PREFIX_PATH=${CMAKE_PREFIX_PATH}:/opt/ros/humble /usr/bin/cmake --build /home/utec/try_opt/build/ur5_scaled_sender -- -j8 -l8
[13.416s] Invoking command in '/home/utec/try_opt/build/ur5_scaled_sender': CMAKE_PREFIX_PATH=${CMAKE_PREFIX_PATH}:/opt/ros/humble /usr/bin/cmake --install /home/utec/try_opt/build/ur5_scaled_sender
[13.422s] -- Install configuration: ""
[13.423s] -- Up-to-date: /home/utec/try_opt/install/ur5_scaled_sender/lib/ur5_scaled_sender/scaled_traj_publisher
[13.423s] -- Installing: /home/utec/try_opt/install/ur5_scaled_sender/lib/ur5_scaled_sender/opt_teleop
[13.427s] -- Set runtime path of "/home/utec/try_opt/install/ur5_scaled_sender/lib/ur5_scaled_sender/opt_teleop" to ""
[13.427s] -- Up-to-date: /home/utec/try_opt/install/ur5_scaled_sender/share/ur5_scaled_sender/launch
[13.427s] -- Up-to-date: /home/utec/try_opt/install/ur5_scaled_sender/share/ur5_scaled_sender/launch/send_trajectory.launch.py
[13.427s] -- Up-to-date: /home/utec/try_opt/install/ur5_scaled_sender/share/ur5_scaled_sender/launch/opt_teleop.launch.py
[13.427s] -- Up-to-date: /home/utec/try_opt/install/ur5_scaled_sender/share/ament_index/resource_index/package_run_dependencies/ur5_scaled_sender
[13.427s] -- Up-to-date: /home/utec/try_opt/install/ur5_scaled_sender/share/ament_index/resource_index/parent_prefix_path/ur5_scaled_sender
[13.427s] -- Up-to-date: /home/utec/try_opt/install/ur5_scaled_sender/share/ur5_scaled_sender/environment/ament_prefix_path.sh
[13.427s] -- Up-to-date: /home/utec/try_opt/install/ur5_scaled_sender/share/ur5_scaled_sender/environment/ament_prefix_path.dsv
[13.427s] -- Up-to-date: /home/utec/try_opt/install/ur5_scaled_sender/share/ur5_scaled_sender/environment/path.sh
[13.427s] -- Up-to-date: /home/utec/try_opt/install/ur5_scaled_sender/share/ur5_scaled_sender/environment/path.dsv
[13.427s] -- Up-to-date: /home/utec/try_opt/install/ur5_scaled_sender/share/ur5_scaled_sender/local_setup.bash
[13.427s] -- Up-to-date: /home/utec/try_opt/install/ur5_scaled_sender/share/ur5_scaled_sender/local_setup.sh
[13.427s] -- Up-to-date: /home/utec/try_opt/install/ur5_scaled_sender/share/ur5_scaled_sender/local_setup.zsh
[13.427s] -- Up-to-date: /home/utec/try_opt/install/ur5_scaled_sender/share/ur5_scaled_sender/local_setup.dsv
[13.427s] -- Installing: /home/utec/try_opt/install/ur5_scaled_sender/share/ur5_scaled_sender/package.dsv
[13.427s] -- Up-to-date: /home/utec/try_opt/install/ur5_scaled_sender/share/ament_index/resource_index/packages/ur5_scaled_sender
[13.427s] -- Up-to-date: /home/utec/try_opt/install/ur5_scaled_sender/share/ur5_scaled_sender/cmake/ur5_scaled_senderConfig.cmake
[13.427s] -- Up-to-date: /home/utec/try_opt/install/ur5_scaled_sender/share/ur5_scaled_sender/cmake/ur5_scaled_senderConfig-version.cmake
[13.427s] -- Up-to-date: /home/utec/try_opt/install/ur5_scaled_sender/share/ur5_scaled_sender/package.xml
[13.428s] Invoked command in '/home/utec/try_opt/build/ur5_scaled_sender' returned '0': CMAKE_PREFIX_PATH=${CMAKE_PREFIX_PATH}:/opt/ros/humble /usr/bin/cmake --install /home/utec/try_opt/build/ur5_scaled_sender
