-- Found ament_cmake: 1.3.0 (/usr/share/ament_cmake/cmake)
-- Found rclcpp: 16.0.16 (/opt/ros/humble/share/rclcpp/cmake)
-- Found rosidl_generator_c: 3.1.7 (/opt/ros/humble/share/rosidl_generator_c/cmake)
-- Found rosidl_adapter: 3.1.7 (/opt/ros/humble/share/rosidl_adapter/cmake)
-- Found rosidl_generator_cpp: 3.1.7 (/opt/ros/humble/share/rosidl_generator_cpp/cmake)
-- Using all available rosidl_typesupport_c: rosidl_typesupport_fastrtps_c;rosidl_typesupport_introspection_c
-- Using all available rosidl_typesupport_cpp: rosidl_typesupport_fastrtps_cpp;rosidl_typesupport_introspection_cpp
-- Found rmw_implementation_cmake: 6.1.2 (/opt/ros/humble/share/rmw_implementation_cmake/cmake)
-- Found rmw_fastrtps_cpp: 6.2.9 (/opt/ros/humble/share/rmw_fastrtps_cpp/cmake)
-- Using RMW implementation 'rmw_fastrtps_cpp' as default
-- Found trajectory_msgs: 4.9.0 (/opt/ros/humble/share/trajectory_msgs/cmake)
-- Found sensor_msgs: 4.9.0 (/opt/ros/humble/share/sensor_msgs/cmake)
-- Found eigen3_cmake_module: 0.1.1 (/opt/ros/humble/share/eigen3_cmake_module/cmake)
-- pinocchio_default FOUND. pinocchio_default at /usr/local/lib/libpinocchio_default.so
-- pinocchio_parsers FOUND. pinocchio_parsers at /usr/local/lib/libpinocchio_parsers.so
-- boost_filesystem FOUND. boost_filesystem at /usr/lib/x86_64-linux-gnu/libboost_filesystem.so
-- Default C++ standard: 201703
-- C++ standard sufficient: Minimal required 11, currently defined: 17
-- Configuring done
-- Generating done
-- Build files have been written to: /home/utec/try_opt/build/ur5_scaled_sender
[35m[1mConsolidate compiler generated dependencies of target test_jacobian[0m
[35m[1mConsolidate compiler generated dependencies of target scaled_traj_publisher[0m
[35m[1mConsolidate compiler generated dependencies of target opt_teleop_pinocchio[0m
[35m[1mConsolidate compiler generated dependencies of target opt_teleop[0m
[ 25%] Built target test_jacobian
[ 50%] Built target scaled_traj_publisher
[ 75%] Built target opt_teleop_pinocchio
[ 87%] [32mBuilding CXX object CMakeFiles/opt_teleop.dir/src/opt_teleop.cpp.o[0m
[100%] [32m[1mLinking CXX executable opt_teleop[0m
[100%] Built target opt_teleop
-- Install configuration: ""
-- Up-to-date: /home/utec/try_opt/install/ur5_scaled_sender/lib/ur5_scaled_sender/scaled_traj_publisher
-- Installing: /home/utec/try_opt/install/ur5_scaled_sender/lib/ur5_scaled_sender/opt_teleop
-- Set runtime path of "/home/utec/try_opt/install/ur5_scaled_sender/lib/ur5_scaled_sender/opt_teleop" to ""
-- Up-to-date: /home/utec/try_opt/install/ur5_scaled_sender/lib/ur5_scaled_sender/test_jacobian
-- Installing: /home/utec/try_opt/install/ur5_scaled_sender/lib/ur5_scaled_sender/opt_teleop_pinocchio
-- Set runtime path of "/home/utec/try_opt/install/ur5_scaled_sender/lib/ur5_scaled_sender/opt_teleop_pinocchio" to ""
-- Up-to-date: /home/utec/try_opt/install/ur5_scaled_sender/share/ur5_scaled_sender/launch
-- Installing: /home/utec/try_opt/install/ur5_scaled_sender/share/ur5_scaled_sender/launch/opt_teleop_pinocchio.launch.py
-- Up-to-date: /home/utec/try_opt/install/ur5_scaled_sender/share/ur5_scaled_sender/launch/send_trajectory.launch.py
-- Installing: /home/utec/try_opt/install/ur5_scaled_sender/share/ur5_scaled_sender/launch/opt_teleop.launch.py
-- Up-to-date: /home/utec/try_opt/install/ur5_scaled_sender/share/ament_index/resource_index/package_run_dependencies/ur5_scaled_sender
-- Installing: /home/utec/try_opt/install/ur5_scaled_sender/share/ament_index/resource_index/parent_prefix_path/ur5_scaled_sender
-- Up-to-date: /home/utec/try_opt/install/ur5_scaled_sender/share/ur5_scaled_sender/environment/ament_prefix_path.sh
-- Installing: /home/utec/try_opt/install/ur5_scaled_sender/share/ur5_scaled_sender/environment/ament_prefix_path.dsv
-- Up-to-date: /home/utec/try_opt/install/ur5_scaled_sender/share/ur5_scaled_sender/environment/path.sh
-- Installing: /home/utec/try_opt/install/ur5_scaled_sender/share/ur5_scaled_sender/environment/path.dsv
-- Up-to-date: /home/utec/try_opt/install/ur5_scaled_sender/share/ur5_scaled_sender/local_setup.bash
-- Up-to-date: /home/utec/try_opt/install/ur5_scaled_sender/share/ur5_scaled_sender/local_setup.sh
-- Up-to-date: /home/utec/try_opt/install/ur5_scaled_sender/share/ur5_scaled_sender/local_setup.zsh
-- Installing: /home/utec/try_opt/install/ur5_scaled_sender/share/ur5_scaled_sender/local_setup.dsv
-- Installing: /home/utec/try_opt/install/ur5_scaled_sender/share/ur5_scaled_sender/package.dsv
-- Up-to-date: /home/utec/try_opt/install/ur5_scaled_sender/share/ament_index/resource_index/packages/ur5_scaled_sender
-- Up-to-date: /home/utec/try_opt/install/ur5_scaled_sender/share/ur5_scaled_sender/cmake/ur5_scaled_senderConfig.cmake
-- Up-to-date: /home/utec/try_opt/install/ur5_scaled_sender/share/ur5_scaled_sender/cmake/ur5_scaled_senderConfig-version.cmake
-- Up-to-date: /home/utec/try_opt/install/ur5_scaled_sender/share/ur5_scaled_sender/package.xml
