[0.008s] Invoking command in '/home/utec/try_opt/build/ur5_scaled_sender': CMAKE_PREFIX_PATH=/opt/ros/humble /usr/bin/cmake /home/utec/try_opt/src/ur5_scaled_sender -DCMAKE_INSTALL_PREFIX=/home/utec/try_opt/install/ur5_scaled_sender
[0.016s] -- Found ament_cmake: 1.3.0 (/usr/share/ament_cmake/cmake)
[0.142s] -- Found rclcpp: 16.0.16 (/opt/ros/humble/share/rclcpp/cmake)
[0.175s] -- Found rosidl_generator_c: 3.1.7 (/opt/ros/humble/share/rosidl_generator_c/cmake)
[0.178s] -- Found rosidl_adapter: 3.1.7 (/opt/ros/humble/share/rosidl_adapter/cmake)
[0.185s] -- Found rosidl_generator_cpp: 3.1.7 (/opt/ros/humble/share/rosidl_generator_cpp/cmake)
[0.195s] -- Using all available rosidl_typesupport_c: rosidl_typesupport_fastrtps_c;rosidl_typesupport_introspection_c
[0.210s] -- Using all available rosidl_typesupport_cpp: rosidl_typesupport_fastrtps_cpp;rosidl_typesupport_introspection_cpp
[0.263s] -- Found rmw_implementation_cmake: 6.1.2 (/opt/ros/humble/share/rmw_implementation_cmake/cmake)
[0.265s] -- Found rmw_fastrtps_cpp: 6.2.9 (/opt/ros/humble/share/rmw_fastrtps_cpp/cmake)
[0.342s] -- Found OpenSSL: /usr/lib/x86_64-linux-gnu/libcrypto.so (found version "3.0.2")  
[0.367s] -- Found FastRTPS: /opt/ros/humble/include  
[0.410s] -- Using RMW implementation 'rmw_fastrtps_cpp' as default
[0.426s] -- Looking for pthread.h
[0.484s] -- Looking for pthread.h - found
[0.485s] -- Performing Test CMAKE_HAVE_LIBC_PTHREAD
[0.542s] -- Performing Test CMAKE_HAVE_LIBC_PTHREAD - Success
[0.543s] -- Found Threads: TRUE  
[0.673s] -- Found trajectory_msgs: 4.9.0 (/opt/ros/humble/share/trajectory_msgs/cmake)
[0.772s] -- Found sensor_msgs: 4.9.0 (/opt/ros/humble/share/sensor_msgs/cmake)
[0.839s] -- Found eigen3_cmake_module: 0.1.1 (/opt/ros/humble/share/eigen3_cmake_module/cmake)
[0.909s] -- Configuring done
[0.920s] -- Generating done
[0.923s] -- Build files have been written to: /home/utec/try_opt/build/ur5_scaled_sender
[0.930s] Invoked command in '/home/utec/try_opt/build/ur5_scaled_sender' returned '0': CMAKE_PREFIX_PATH=/opt/ros/humble /usr/bin/cmake /home/utec/try_opt/src/ur5_scaled_sender -DCMAKE_INSTALL_PREFIX=/home/utec/try_opt/install/ur5_scaled_sender
[0.933s] Invoking command in '/home/utec/try_opt/build/ur5_scaled_sender': CMAKE_PREFIX_PATH=/opt/ros/humble /usr/bin/cmake --build /home/utec/try_opt/build/ur5_scaled_sender -- -j8 -l8
[0.971s] [ 50%] [32mBuilding CXX object CMakeFiles/opt_teleop.dir/src/opt_teleop.cpp.o[0m
[0.971s] [ 50%] [32mBuilding CXX object CMakeFiles/scaled_traj_publisher.dir/src/joint_trajectory_publisher.cpp.o[0m
[6.210s] [ 75%] [32m[1mLinking CXX executable scaled_traj_publisher[0m
[6.405s] [ 75%] Built target scaled_traj_publisher
[15.519s] [100%] [32m[1mLinking CXX executable opt_teleop[0m
[16.217s] [100%] Built target opt_teleop
[16.229s] Invoked command in '/home/utec/try_opt/build/ur5_scaled_sender' returned '0': CMAKE_PREFIX_PATH=/opt/ros/humble /usr/bin/cmake --build /home/utec/try_opt/build/ur5_scaled_sender -- -j8 -l8
[16.236s] Invoking command in '/home/utec/try_opt/build/ur5_scaled_sender': CMAKE_PREFIX_PATH=/opt/ros/humble /usr/bin/cmake --install /home/utec/try_opt/build/ur5_scaled_sender
[16.242s] -- Install configuration: ""
[16.242s] -- Installing: /home/utec/try_opt/install/ur5_scaled_sender/lib/ur5_scaled_sender/scaled_traj_publisher
[16.243s] -- Set runtime path of "/home/utec/try_opt/install/ur5_scaled_sender/lib/ur5_scaled_sender/scaled_traj_publisher" to ""
[16.244s] -- Installing: /home/utec/try_opt/install/ur5_scaled_sender/lib/ur5_scaled_sender/opt_teleop
[16.247s] -- Set runtime path of "/home/utec/try_opt/install/ur5_scaled_sender/lib/ur5_scaled_sender/opt_teleop" to ""
[16.247s] -- Installing: /home/utec/try_opt/install/ur5_scaled_sender/share/ur5_scaled_sender/launch
[16.247s] -- Installing: /home/utec/try_opt/install/ur5_scaled_sender/share/ur5_scaled_sender/launch/send_trajectory.launch.py
[16.247s] -- Installing: /home/utec/try_opt/install/ur5_scaled_sender/share/ur5_scaled_sender/launch/opt_teleop.launch.py
[16.247s] -- Installing: /home/utec/try_opt/install/ur5_scaled_sender/share/ament_index/resource_index/package_run_dependencies/ur5_scaled_sender
[16.247s] -- Installing: /home/utec/try_opt/install/ur5_scaled_sender/share/ament_index/resource_index/parent_prefix_path/ur5_scaled_sender
[16.247s] -- Installing: /home/utec/try_opt/install/ur5_scaled_sender/share/ur5_scaled_sender/environment/ament_prefix_path.sh
[16.247s] -- Installing: /home/utec/try_opt/install/ur5_scaled_sender/share/ur5_scaled_sender/environment/ament_prefix_path.dsv
[16.247s] -- Installing: /home/utec/try_opt/install/ur5_scaled_sender/share/ur5_scaled_sender/environment/path.sh
[16.248s] -- Installing: /home/utec/try_opt/install/ur5_scaled_sender/share/ur5_scaled_sender/environment/path.dsv
[16.248s] -- Installing: /home/utec/try_opt/install/ur5_scaled_sender/share/ur5_scaled_sender/local_setup.bash
[16.248s] -- Installing: /home/utec/try_opt/install/ur5_scaled_sender/share/ur5_scaled_sender/local_setup.sh
[16.248s] -- Installing: /home/utec/try_opt/install/ur5_scaled_sender/share/ur5_scaled_sender/local_setup.zsh
[16.248s] -- Installing: /home/utec/try_opt/install/ur5_scaled_sender/share/ur5_scaled_sender/local_setup.dsv
[16.248s] -- Installing: /home/utec/try_opt/install/ur5_scaled_sender/share/ur5_scaled_sender/package.dsv
[16.248s] -- Installing: /home/utec/try_opt/install/ur5_scaled_sender/share/ament_index/resource_index/packages/ur5_scaled_sender
[16.248s] -- Installing: /home/utec/try_opt/install/ur5_scaled_sender/share/ur5_scaled_sender/cmake/ur5_scaled_senderConfig.cmake
[16.248s] -- Installing: /home/utec/try_opt/install/ur5_scaled_sender/share/ur5_scaled_sender/cmake/ur5_scaled_senderConfig-version.cmake
[16.248s] -- Installing: /home/utec/try_opt/install/ur5_scaled_sender/share/ur5_scaled_sender/package.xml
[16.250s] Invoked command in '/home/utec/try_opt/build/ur5_scaled_sender' returned '0': CMAKE_PREFIX_PATH=/opt/ros/humble /usr/bin/cmake --install /home/utec/try_opt/build/ur5_scaled_sender
