-- The C compiler identification is GNU 11.4.0
-- The CXX compiler identification is GNU 11.4.0
-- Detecting C compiler ABI info
-- Detecting C compiler ABI info - done
-- Check for working C compiler: /usr/bin/cc - skipped
-- Detecting C compile features
-- Detecting C compile features - done
-- Detecting CXX compiler ABI info
-- Detecting CXX compiler ABI info - done
-- Check for working CXX compiler: /usr/bin/c++ - skipped
-- Detecting CXX compile features
-- Detecting CXX compile features - done
-- Found ament_cmake: 1.3.0 (/usr/share/ament_cmake/cmake)
-- Found Python3: /usr/bin/python3.10 (found version "3.10.12") found components: Interpreter 
-- Configuring incomplete, errors occurred!
See also "/home/utec/try_opt/build/ur5_scaled_sender/CMakeFiles/CMakeOutput.log".
[31mCMake Error at CMakeLists.txt:9 (find_package):
  By not providing "Findrclcpp.cmake" in CMAKE_MODULE_PATH this project has
  asked CMake to find a package configuration file provided by "rclcpp", but
  CMake did not find one.

  Could not find a package configuration file provided by "rclcpp" with any
  of the following names:

    rclcppConfig.cmake
    rclcpp-config.cmake

  Add the installation prefix of "rclcpp" to CMAKE_PREFIX_PATH or set
  "rclcpp_DIR" to a directory containing one of the above files.  If "rclcpp"
  provides a separate development package or SDK, be sure it has been
  installed.

[0m
