[0.006s] Invoking command in '/home/utec/try_opt/build/ur5_scaled_sender': /usr/bin/cmake /home/utec/try_opt/src/ur5_scaled_sender -DCMAKE_INSTALL_PREFIX=/home/utec/try_opt/install/ur5_scaled_sender
[0.069s] -- The C compiler identification is GNU 11.4.0
[0.115s] -- The CXX compiler identification is GNU 11.4.0
[0.121s] -- Detecting C compiler ABI info
[0.183s] -- Detecting C compiler ABI info - done
[0.189s] -- Check for working C compiler: /usr/bin/cc - skipped
[0.190s] -- Detecting C compile features
[0.191s] -- Detecting C compile features - done
[0.193s] -- Detecting CXX compiler ABI info
[0.261s] -- Detecting CXX compiler ABI info - done
[0.271s] -- Check for working CXX compiler: /usr/bin/c++ - skipped
[0.271s] -- Detecting CXX compile features
[0.272s] -- Detecting CXX compile features - done
[0.281s] -- Found ament_cmake: 1.3.0 (/usr/share/ament_cmake/cmake)
[0.465s] -- Found Python3: /usr/bin/python3.10 (found version "3.10.12") found components: Interpreter 
[0.592s] -- Configuring incomplete, errors occurred!
[0.592s] See also "/home/utec/try_opt/build/ur5_scaled_sender/CMakeFiles/CMakeOutput.log".
[0.592s] [31mCMake Error at CMakeLists.txt:9 (find_package):
[0.592s]   By not providing "Findrclcpp.cmake" in CMAKE_MODULE_PATH this project has
[0.592s]   asked CMake to find a package configuration file provided by "rclcpp", but
[0.592s]   CMake did not find one.
[0.592s] 
[0.592s]   Could not find a package configuration file provided by "rclcpp" with any
[0.593s]   of the following names:
[0.593s] 
[0.593s]     rclcppConfig.cmake
[0.593s]     rclcpp-config.cmake
[0.593s] 
[0.593s]   Add the installation prefix of "rclcpp" to CMAKE_PREFIX_PATH or set
[0.593s]   "rclcpp_DIR" to a directory containing one of the above files.  If "rclcpp"
[0.593s]   provides a separate development package or SDK, be sure it has been
[0.593s]   installed.
[0.593s] 
[0.593s] [0m
[0.595s] Invoked command in '/home/utec/try_opt/build/ur5_scaled_sender' returned '1': /usr/bin/cmake /home/utec/try_opt/src/ur5_scaled_sender -DCMAKE_INSTALL_PREFIX=/home/utec/try_opt/install/ur5_scaled_sender
