[0.009s] Invoking command in '/home/utec/try_opt/build/ur5_scaled_sender': CMAKE_PREFIX_PATH=${CMAKE_PREFIX_PATH}:/opt/ros/humble /usr/bin/cmake --build /home/utec/try_opt/build/ur5_scaled_sender -- -j8 -l8
[0.057s] [ 25%] Built target test_jacobian
[0.057s] [ 50%] Built target scaled_traj_publisher
[0.073s] [ 75%] Built target opt_teleop_pinocchio
[0.073s] [ 87%] [32mBuilding CXX object CMakeFiles/opt_teleop.dir/src/opt_teleop.cpp.o[0m
[39.701s] [100%] [32m[1mLinking CXX executable opt_teleop[0m
[41.855s] [100%] Built target opt_teleop
[41.866s] Invoked command in '/home/utec/try_opt/build/ur5_scaled_sender' returned '0': CMAKE_PREFIX_PATH=${CMAKE_PREFIX_PATH}:/opt/ros/humble /usr/bin/cmake --build /home/utec/try_opt/build/ur5_scaled_sender -- -j8 -l8
[41.873s] Invoking command in '/home/utec/try_opt/build/ur5_scaled_sender': CMAKE_PREFIX_PATH=${CMAKE_PREFIX_PATH}:/opt/ros/humble /usr/bin/cmake --install /home/utec/try_opt/build/ur5_scaled_sender
[41.879s] -- Install configuration: ""
[41.879s] -- Up-to-date: /home/utec/try_opt/install/ur5_scaled_sender/lib/ur5_scaled_sender/scaled_traj_publisher
[41.879s] -- Installing: /home/utec/try_opt/install/ur5_scaled_sender/lib/ur5_scaled_sender/opt_teleop
[41.891s] -- Set runtime path of "/home/utec/try_opt/install/ur5_scaled_sender/lib/ur5_scaled_sender/opt_teleop" to ""
[41.891s] -- Up-to-date: /home/utec/try_opt/install/ur5_scaled_sender/lib/ur5_scaled_sender/test_jacobian
[41.891s] -- Up-to-date: /home/utec/try_opt/install/ur5_scaled_sender/lib/ur5_scaled_sender/opt_teleop_pinocchio
[41.891s] -- Up-to-date: /home/utec/try_opt/install/ur5_scaled_sender/share/ur5_scaled_sender/launch
[41.891s] -- Up-to-date: /home/utec/try_opt/install/ur5_scaled_sender/share/ur5_scaled_sender/launch/opt_teleop_pinocchio.launch.py
[41.891s] -- Up-to-date: /home/utec/try_opt/install/ur5_scaled_sender/share/ur5_scaled_sender/launch/send_trajectory.launch.py
[41.891s] -- Up-to-date: /home/utec/try_opt/install/ur5_scaled_sender/share/ur5_scaled_sender/launch/opt_teleop.launch.py
[41.892s] -- Up-to-date: /home/utec/try_opt/install/ur5_scaled_sender/share/ament_index/resource_index/package_run_dependencies/ur5_scaled_sender
[41.892s] -- Up-to-date: /home/utec/try_opt/install/ur5_scaled_sender/share/ament_index/resource_index/parent_prefix_path/ur5_scaled_sender
[41.892s] -- Up-to-date: /home/utec/try_opt/install/ur5_scaled_sender/share/ur5_scaled_sender/environment/ament_prefix_path.sh
[41.892s] -- Up-to-date: /home/utec/try_opt/install/ur5_scaled_sender/share/ur5_scaled_sender/environment/ament_prefix_path.dsv
[41.892s] -- Up-to-date: /home/utec/try_opt/install/ur5_scaled_sender/share/ur5_scaled_sender/environment/path.sh
[41.892s] -- Up-to-date: /home/utec/try_opt/install/ur5_scaled_sender/share/ur5_scaled_sender/environment/path.dsv
[41.892s] -- Up-to-date: /home/utec/try_opt/install/ur5_scaled_sender/share/ur5_scaled_sender/local_setup.bash
[41.892s] -- Up-to-date: /home/utec/try_opt/install/ur5_scaled_sender/share/ur5_scaled_sender/local_setup.sh
[41.892s] -- Up-to-date: /home/utec/try_opt/install/ur5_scaled_sender/share/ur5_scaled_sender/local_setup.zsh
[41.892s] -- Up-to-date: /home/utec/try_opt/install/ur5_scaled_sender/share/ur5_scaled_sender/local_setup.dsv
[41.892s] -- Installing: /home/utec/try_opt/install/ur5_scaled_sender/share/ur5_scaled_sender/package.dsv
[41.892s] -- Up-to-date: /home/utec/try_opt/install/ur5_scaled_sender/share/ament_index/resource_index/packages/ur5_scaled_sender
[41.892s] -- Up-to-date: /home/utec/try_opt/install/ur5_scaled_sender/share/ur5_scaled_sender/cmake/ur5_scaled_senderConfig.cmake
[41.892s] -- Up-to-date: /home/utec/try_opt/install/ur5_scaled_sender/share/ur5_scaled_sender/cmake/ur5_scaled_senderConfig-version.cmake
[41.892s] -- Up-to-date: /home/utec/try_opt/install/ur5_scaled_sender/share/ur5_scaled_sender/package.xml
[41.893s] Invoked command in '/home/utec/try_opt/build/ur5_scaled_sender' returned '0': CMAKE_PREFIX_PATH=${CMAKE_PREFIX_PATH}:/opt/ros/humble /usr/bin/cmake --install /home/utec/try_opt/build/ur5_scaled_sender
