[0.008s] Invoking command in '/home/utec/try_opt/build/ur5_scaled_sender': CMAKE_PREFIX_PATH=/opt/ros/humble /usr/bin/cmake --build /home/utec/try_opt/build/ur5_scaled_sender -- -j8 -l8
[0.056s] [ 75%] [32mBuilding CXX object CMakeFiles/opt_teleop.dir/src/opt_teleop.cpp.o[0m
[0.056s] [ 75%] Built target scaled_traj_publisher
[14.404s] [100%] [32m[1mLinking CXX executable opt_teleop[0m
[15.076s] [100%] Built target opt_teleop
[15.086s] Invoked command in '/home/utec/try_opt/build/ur5_scaled_sender' returned '0': CMAKE_PREFIX_PATH=/opt/ros/humble /usr/bin/cmake --build /home/utec/try_opt/build/ur5_scaled_sender -- -j8 -l8
[15.096s] Invoking command in '/home/utec/try_opt/build/ur5_scaled_sender': CMAKE_PREFIX_PATH=/opt/ros/humble /usr/bin/cmake --install /home/utec/try_opt/build/ur5_scaled_sender
[15.100s] -- Install configuration: ""
[15.101s] -- Up-to-date: /home/utec/try_opt/install/ur5_scaled_sender/lib/ur5_scaled_sender/scaled_traj_publisher
[15.101s] -- Installing: /home/utec/try_opt/install/ur5_scaled_sender/lib/ur5_scaled_sender/opt_teleop
[15.107s] -- Set runtime path of "/home/utec/try_opt/install/ur5_scaled_sender/lib/ur5_scaled_sender/opt_teleop" to ""
[15.107s] -- Up-to-date: /home/utec/try_opt/install/ur5_scaled_sender/share/ur5_scaled_sender/launch
[15.107s] -- Up-to-date: /home/utec/try_opt/install/ur5_scaled_sender/share/ur5_scaled_sender/launch/send_trajectory.launch.py
[15.107s] -- Up-to-date: /home/utec/try_opt/install/ur5_scaled_sender/share/ur5_scaled_sender/launch/opt_teleop.launch.py
[15.107s] -- Up-to-date: /home/utec/try_opt/install/ur5_scaled_sender/share/ament_index/resource_index/package_run_dependencies/ur5_scaled_sender
[15.107s] -- Up-to-date: /home/utec/try_opt/install/ur5_scaled_sender/share/ament_index/resource_index/parent_prefix_path/ur5_scaled_sender
[15.107s] -- Up-to-date: /home/utec/try_opt/install/ur5_scaled_sender/share/ur5_scaled_sender/environment/ament_prefix_path.sh
[15.107s] -- Up-to-date: /home/utec/try_opt/install/ur5_scaled_sender/share/ur5_scaled_sender/environment/ament_prefix_path.dsv
[15.107s] -- Up-to-date: /home/utec/try_opt/install/ur5_scaled_sender/share/ur5_scaled_sender/environment/path.sh
[15.107s] -- Up-to-date: /home/utec/try_opt/install/ur5_scaled_sender/share/ur5_scaled_sender/environment/path.dsv
[15.107s] -- Up-to-date: /home/utec/try_opt/install/ur5_scaled_sender/share/ur5_scaled_sender/local_setup.bash
[15.107s] -- Up-to-date: /home/utec/try_opt/install/ur5_scaled_sender/share/ur5_scaled_sender/local_setup.sh
[15.107s] -- Up-to-date: /home/utec/try_opt/install/ur5_scaled_sender/share/ur5_scaled_sender/local_setup.zsh
[15.107s] -- Up-to-date: /home/utec/try_opt/install/ur5_scaled_sender/share/ur5_scaled_sender/local_setup.dsv
[15.108s] -- Installing: /home/utec/try_opt/install/ur5_scaled_sender/share/ur5_scaled_sender/package.dsv
[15.108s] -- Up-to-date: /home/utec/try_opt/install/ur5_scaled_sender/share/ament_index/resource_index/packages/ur5_scaled_sender
[15.108s] -- Up-to-date: /home/utec/try_opt/install/ur5_scaled_sender/share/ur5_scaled_sender/cmake/ur5_scaled_senderConfig.cmake
[15.108s] -- Up-to-date: /home/utec/try_opt/install/ur5_scaled_sender/share/ur5_scaled_sender/cmake/ur5_scaled_senderConfig-version.cmake
[15.109s] -- Up-to-date: /home/utec/try_opt/install/ur5_scaled_sender/share/ur5_scaled_sender/package.xml
[15.109s] Invoked command in '/home/utec/try_opt/build/ur5_scaled_sender' returned '0': CMAKE_PREFIX_PATH=/opt/ros/humble /usr/bin/cmake --install /home/utec/try_opt/build/ur5_scaled_sender
