[0.007s] Invoking command in '/home/utec/try_opt/build/ur5_scaled_sender': CMAKE_PREFIX_PATH=${CMAKE_PREFIX_PATH}:/opt/ros/humble /usr/bin/cmake --build /home/utec/try_opt/build/ur5_scaled_sender -- -j8 -l8
[0.044s] [35m[1mConsolidate compiler generated dependencies of target opt_teleop[0m
[0.053s] [ 33%] Built target test_jacobian
[0.057s] [ 66%] Built target scaled_traj_publisher
[0.059s] [100%] Built target opt_teleop
[0.070s] Invoked command in '/home/utec/try_opt/build/ur5_scaled_sender' returned '0': CMAKE_PREFIX_PATH=${CMAKE_PREFIX_PATH}:/opt/ros/humble /usr/bin/cmake --build /home/utec/try_opt/build/ur5_scaled_sender -- -j8 -l8
[0.077s] Invoking command in '/home/utec/try_opt/build/ur5_scaled_sender': CMAKE_PREFIX_PATH=${CMAKE_PREFIX_PATH}:/opt/ros/humble /usr/bin/cmake --install /home/utec/try_opt/build/ur5_scaled_sender
[0.085s] -- Install configuration: ""
[0.085s] -- Up-to-date: /home/utec/try_opt/install/ur5_scaled_sender/lib/ur5_scaled_sender/scaled_traj_publisher
[0.085s] -- Up-to-date: /home/utec/try_opt/install/ur5_scaled_sender/lib/ur5_scaled_sender/opt_teleop
[0.085s] -- Up-to-date: /home/utec/try_opt/install/ur5_scaled_sender/lib/ur5_scaled_sender/test_jacobian
[0.085s] -- Up-to-date: /home/utec/try_opt/install/ur5_scaled_sender/share/ur5_scaled_sender/launch
[0.085s] -- Up-to-date: /home/utec/try_opt/install/ur5_scaled_sender/share/ur5_scaled_sender/launch/send_trajectory.launch.py
[0.085s] -- Up-to-date: /home/utec/try_opt/install/ur5_scaled_sender/share/ur5_scaled_sender/launch/opt_teleop.launch.py
[0.085s] -- Up-to-date: /home/utec/try_opt/install/ur5_scaled_sender/share/ament_index/resource_index/package_run_dependencies/ur5_scaled_sender
[0.085s] -- Up-to-date: /home/utec/try_opt/install/ur5_scaled_sender/share/ament_index/resource_index/parent_prefix_path/ur5_scaled_sender
[0.085s] -- Up-to-date: /home/utec/try_opt/install/ur5_scaled_sender/share/ur5_scaled_sender/environment/ament_prefix_path.sh
[0.085s] -- Up-to-date: /home/utec/try_opt/install/ur5_scaled_sender/share/ur5_scaled_sender/environment/ament_prefix_path.dsv
[0.085s] -- Up-to-date: /home/utec/try_opt/install/ur5_scaled_sender/share/ur5_scaled_sender/environment/path.sh
[0.086s] -- Up-to-date: /home/utec/try_opt/install/ur5_scaled_sender/share/ur5_scaled_sender/environment/path.dsv
[0.086s] -- Up-to-date: /home/utec/try_opt/install/ur5_scaled_sender/share/ur5_scaled_sender/local_setup.bash
[0.086s] -- Up-to-date: /home/utec/try_opt/install/ur5_scaled_sender/share/ur5_scaled_sender/local_setup.sh
[0.086s] -- Up-to-date: /home/utec/try_opt/install/ur5_scaled_sender/share/ur5_scaled_sender/local_setup.zsh
[0.086s] -- Up-to-date: /home/utec/try_opt/install/ur5_scaled_sender/share/ur5_scaled_sender/local_setup.dsv
[0.086s] -- Installing: /home/utec/try_opt/install/ur5_scaled_sender/share/ur5_scaled_sender/package.dsv
[0.086s] -- Up-to-date: /home/utec/try_opt/install/ur5_scaled_sender/share/ament_index/resource_index/packages/ur5_scaled_sender
[0.086s] -- Up-to-date: /home/utec/try_opt/install/ur5_scaled_sender/share/ur5_scaled_sender/cmake/ur5_scaled_senderConfig.cmake
[0.086s] -- Up-to-date: /home/utec/try_opt/install/ur5_scaled_sender/share/ur5_scaled_sender/cmake/ur5_scaled_senderConfig-version.cmake
[0.086s] -- Up-to-date: /home/utec/try_opt/install/ur5_scaled_sender/share/ur5_scaled_sender/package.xml
[0.088s] Invoked command in '/home/utec/try_opt/build/ur5_scaled_sender' returned '0': CMAKE_PREFIX_PATH=${CMAKE_PREFIX_PATH}:/opt/ros/humble /usr/bin/cmake --install /home/utec/try_opt/build/ur5_scaled_sender
